<?xml version="1.0" encoding="UTF-8"?>
<!-- Generated by org.testng.reporters.JUnitXMLReporter -->
<testsuite hostname="LAPTOP-3N0HLSP8" ignored="0" name="Default test" tests="3" failures="0" timestamp="2023-01-17T16:11:59 IST" time="62.116" errors="0">
  <testcase name="verifyHomePageTitleTest" time="0.03" classname="com.crm.qa.pageTests.HomePageTest"/>
  <testcase name="verifyUserNameTest" time="0.172" classname="com.crm.qa.pageTests.HomePageTest"/>
  <testcase name="verifyContactsLink" time="3.989" classname="com.crm.qa.pageTests.HomePageTest"/>
</testsuite> <!-- Default test -->
