<?xml version="1.0" encoding="UTF-8"?>
<!-- Generated by org.testng.reporters.JUnitXMLReporter -->
<testsuite hostname="LAPTOP-3N0HLSP8" ignored="0" name="Test" tests="8" failures="0" timestamp="2023-01-01T20:56:30 IST" time="103.709" errors="0">
  <testcase name="loginPageTitleTest" time="0.067" classname="com.crm.qa.pageTests.LoginPageTest"/>
  <testcase name="loginPageLogoTest" time="0.215" classname="com.crm.qa.pageTests.LoginPageTest"/>
  <testcase name="loginTest" time="5.441" classname="com.crm.qa.pageTests.LoginPageTest"/>
  <testcase name="verifycontactsPageLabel" time="0.071" classname="com.crm.qa.pageTests.ContactsPageTest"/>
  <testcase name="selectContactsTest" time="0.173" classname="com.crm.qa.pageTests.ContactsPageTest"/>
  <testcase name="verifyHomePageTitleTest" time="0.031" classname="com.crm.qa.pageTests.HomePageTest"/>
  <testcase name="verifyUserNameTest" time="0.123" classname="com.crm.qa.pageTests.HomePageTest"/>
  <testcase name="verifyContactsLink" time="1.868" classname="com.crm.qa.pageTests.HomePageTest"/>
</testsuite> <!-- Test -->
