<?xml version="1.0" encoding="UTF-8"?>
<!-- Generated by org.testng.reporters.JUnitXMLReporter -->
<testsuite hostname="LAPTOP-3N0HLSP8" ignored="0" name="TestOnOFF" tests="3" failures="0" timestamp="2023-01-06T12:25:32 IST" time="53.322" errors="0">
  <testcase name="verifyHomePageTitleTest" time="0.028" classname="com.crm.qa.pageTests.HomePageTest"/>
  <testcase name="verifyUserNameTest" time="0.194" classname="com.crm.qa.pageTests.HomePageTest"/>
  <testcase name="verifyContactsLink" time="2.395" classname="com.crm.qa.pageTests.HomePageTest"/>
</testsuite> <!-- TestOnOFF -->
