<?xml version="1.0" encoding="UTF-8"?>
<!-- Generated by org.testng.reporters.JUnitXMLReporter -->
<testsuite hostname="LAPTOP-3N0HLSP8" ignored="0" name="TestOnChrome" tests="3" failures="1" timestamp="2023-01-06T12:56:18 IST" time="51.279" errors="0">
  <testcase name="verifyHomePageTitleTest" time="0.098" classname="com.crm.qa.pageTests.HomePageTest">
    <failure type="java.lang.AssertionError" message="expected [CRMPRO] but found [Free CRM - CRM software for customer relationship management, sales, and support.]">
      <![CDATA[java.lang.AssertionError: expected [CRMPRO] but found [Free CRM - CRM software for customer relationship management, sales, and support.]
at com.crm.qa.pageTests.HomePageTest.verifyHomePageTitleTest(HomePageTest.java:33)
at java.util.ArrayList.forEach(Unknown Source)
at java.util.concurrent.FutureTask.run(Unknown Source)
at java.util.concurrent.ThreadPoolExecutor.runWorker(Unknown Source)
at java.util.concurrent.ThreadPoolExecutor$Worker.run(Unknown Source)
at java.lang.Thread.run(Unknown Source)
... Removed 24 stack frames]]>
    </failure>
  </testcase> <!-- verifyHomePageTitleTest -->
  <testcase name="verifyUserNameTest" time="0.13" classname="com.crm.qa.pageTests.HomePageTest"/>
  <testcase name="verifyContactsLink" time="2.427" classname="com.crm.qa.pageTests.HomePageTest"/>
</testsuite> <!-- TestOnChrome -->
