<?xml version="1.0" encoding="UTF-8"?>
<!-- Generated by org.testng.reporters.JUnitXMLReporter -->
<testsuite ignored="1" hostname="LAPTOP-3N0HLSP8" failures="1" tests="2" name="test" time="34.369" errors="0" timestamp="2023-03-20T11:32:19 IST">
  <testcase classname="com.crm.qa.pageTests.ContactsPageTest" name="verifyContactsPageLabel" time="0.078"/>
  <testcase classname="com.crm.qa.pageTests.ContactsPageTest" name="verifyContactsPageLabel" time="34.33">
    <failure type="java.lang.NullPointerException" message="Cannot invoke &amp;quot;com.aventstack.extentreports.ExtentReports.createTest(String)&amp;quot; because &amp;quot;this.reports&amp;quot; is null">
      <![CDATA[java.lang.NullPointerException: Cannot invoke "com.aventstack.extentreports.ExtentReports.createTest(String)" because "this.reports" is null
at com.crm.qa.Reports.TestResultExtentReport.onTestSuccess(TestResultExtentReport.java:44)
at java.base/java.util.ArrayList.forEach(ArrayList.java:1511)
... Removed 24 stack frames]]>
    </failure>
  </testcase> <!-- verifyContactsPageLabel -->
  <testcase classname="com.crm.qa.pageTests.ContactsPageTest" name="selectContactsTest" time="0.0">
    <ignored/>
  </testcase> <!-- selectContactsTest -->
</testsuite> <!-- test -->
