<?xml version="1.0" encoding="UTF-8"?>
<testng-results skipped="0" failed="0" ignored="0" total="2" passed="2">
  <reporter-output>
  </reporter-output>
  <suite name="Default suite" duration-ms="83579" started-at="2023-01-27T15:18:04 IST" finished-at="2023-01-27T15:19:28 IST">
    <groups>
    </groups>
    <test name="Default test" duration-ms="83579" started-at="2023-01-27T15:18:04 IST" finished-at="2023-01-27T15:19:28 IST">
      <class name="com.crm.qa.pageTests.DealsPageTest">
        <test-method status="PASS" signature="setUp()[pri:0, instance:com.crm.qa.pageTests.DealsPageTest@710726a3]" name="setUp" is-config="true" duration-ms="36014" started-at="2023-01-27T15:18:04 IST" finished-at="2023-01-27T15:18:40 IST">
          <reporter-output>
          </reporter-output>
        </test-method> <!-- setUp -->
        <test-method status="PASS" signature="verifyDealsPageLabel()[pri:1, instance:com.crm.qa.pageTests.DealsPageTest@710726a3]" name="verifyDealsPageLabel" duration-ms="75" started-at="2023-01-27T15:18:40 IST" finished-at="2023-01-27T15:18:40 IST">
          <reporter-output>
          </reporter-output>
        </test-method> <!-- verifyDealsPageLabel -->
        <test-method status="PASS" signature="tearDown(org.testng.ITestResult)[pri:0, instance:com.crm.qa.pageTests.DealsPageTest@710726a3]" name="tearDown" is-config="true" duration-ms="1288" started-at="2023-01-27T15:18:40 IST" finished-at="2023-01-27T15:18:41 IST">
          <params>
            <param index="0">
              <value>
                <![CDATA[[TestResult name=verifyDealsPageLabel status=SUCCESS method=DealsPageTest.verifyDealsPageLabel()[pri:1, instance:com.crm.qa.pageTests.DealsPageTest@710726a3] output={null}]]]>
              </value>
            </param>
          </params>
          <reporter-output>
          </reporter-output>
        </test-method> <!-- tearDown -->
        <test-method status="PASS" signature="setUp()[pri:0, instance:com.crm.qa.pageTests.DealsPageTest@710726a3]" name="setUp" is-config="true" duration-ms="37875" started-at="2023-01-27T15:18:42 IST" finished-at="2023-01-27T15:19:20 IST">
          <reporter-output>
          </reporter-output>
        </test-method> <!-- setUp -->
        <test-method status="PASS" signature="verifyCreateNewDeals(java.lang.String,java.lang.String,java.lang.String,java.lang.String,java.lang.String)[pri:2, instance:com.crm.qa.pageTests.DealsPageTest@710726a3]" name="verifyCreateNewDeals" duration-ms="6276" started-at="2023-01-27T15:19:20 IST" data-provider="getNewDealsPage" finished-at="2023-01-27T15:19:27 IST">
          <params>
            <param index="0">
              <value>
                <![CDATA[Test]]>
              </value>
            </param>
            <param index="1">
              <value>
                <![CDATA[Testing]]>
              </value>
            </param>
            <param index="2">
              <value>
                <![CDATA[10000.0]]>
              </value>
            </param>
            <param index="3">
              <value>
                <![CDATA[50]]>
              </value>
            </param>
            <param index="4">
              <value>
                <![CDATA[67.0]]>
              </value>
            </param>
          </params>
          <reporter-output>
          </reporter-output>
        </test-method> <!-- verifyCreateNewDeals -->
        <test-method status="PASS" signature="tearDown(org.testng.ITestResult)[pri:0, instance:com.crm.qa.pageTests.DealsPageTest@710726a3]" name="tearDown" is-config="true" duration-ms="925" started-at="2023-01-27T15:19:27 IST" finished-at="2023-01-27T15:19:28 IST">
          <params>
            <param index="0">
              <value>
                <![CDATA[[TestResult name=verifyCreateNewDeals status=SUCCESS method=DealsPageTest.verifyCreateNewDeals(java.lang.String,java.lang.String,java.lang.String,java.lang.String,java.lang.String)[pri:2, instance:com.crm.qa.pageTests.DealsPageTest@710726a3] output={null}]]]>
              </value>
            </param>
          </params>
          <reporter-output>
          </reporter-output>
        </test-method> <!-- tearDown -->
      </class> <!-- com.crm.qa.pageTests.DealsPageTest -->
    </test> <!-- Default test -->
  </suite> <!-- Default suite -->
</testng-results>
